5.056309700012207031e-01
3.998861908912658691e-01
3.156324625015258789e-01
3.072791099548339844e-01
2.659675180912017822e-01
2.610628008842468262e-01
2.175041586160659790e-01
1.986138820648193359e-01
1.881683617830276489e-01
1.779052019119262695e-01
1.678620427846908569e-01
1.405593901872634888e-01
1.432471275329589844e-01
1.592960059642791748e-01
1.431688815355300903e-01
1.279165148735046387e-01
1.225409433245658875e-01
1.244660615921020508e-01
1.039161384105682373e-01
1.089810729026794434e-01
1.049135476350784302e-01
9.997540712356567383e-02
1.038821041584014893e-01
1.033848375082015991e-01
8.896295726299285889e-02
9.738586097955703735e-02
9.087203443050384521e-02
8.604490011930465698e-02
8.092691004276275635e-02
7.762398570775985718e-02
7.956287264823913574e-02
8.096797764301300049e-02
7.721683382987976074e-02
8.238328248262405396e-02
7.948897778987884521e-02
7.134759426116943359e-02
7.063075155019760132e-02
7.229519635438919067e-02
7.100488245487213135e-02
7.780832052230834961e-02
6.782995164394378662e-02
6.289213150739669800e-02
7.016090303659439087e-02
6.159821525216102600e-02
6.509674340486526489e-02
6.141930073499679565e-02
6.526497006416320801e-02
6.634133309125900269e-02
6.049630790948867798e-02
5.441411957144737244e-02
5.712639167904853821e-02
6.112183257937431335e-02
5.480156838893890381e-02
5.971948057413101196e-02
5.655341595411300659e-02
6.097953766584396362e-02
5.033782124519348145e-02
5.278429016470909119e-02
5.670509487390518188e-02
5.477182194590568542e-02
5.584606155753135681e-02
5.242463201284408569e-02
5.431303009390830994e-02
4.809538647532463074e-02
5.293077975511550903e-02
4.912605881690979004e-02
5.431868880987167358e-02
5.189419910311698914e-02
5.368904396891593933e-02
5.130632594227790833e-02
5.463371798396110535e-02
4.611093550920486450e-02
4.643842950463294983e-02
4.808237031102180481e-02
4.896177724003791809e-02
4.625795036554336548e-02
4.875282198190689087e-02
4.974190890789031982e-02
4.248683154582977295e-02
4.775191098451614380e-02
4.905101656913757324e-02
4.475529864430427551e-02
4.346656054258346558e-02
4.568000882863998413e-02
4.679207503795623779e-02
4.540826380252838135e-02
4.303753376007080078e-02
4.501722007989883423e-02
4.169441759586334229e-02
4.205927252769470215e-02
4.152840748429298401e-02
4.121633619070053101e-02
4.465904086828231812e-02
3.856771811842918396e-02
3.914984315633773804e-02
4.106993973255157471e-02
3.900116309523582458e-02
3.874158114194869995e-02
3.828621283173561096e-02
4.204672947525978088e-02
